=======================
Type: Kea_DB_Adapter_Exception
Date: 2006-12-19T15:23:28-0500
Unknown column 'itemsitem_id' in 'where clause'
/websites/chnm/staff/kris/trunk/library/Kea/DB/Adapter.php:65
=======================
=======================
Type: Kea_DB_Select_Exception
Date: 2006-12-19T16:25:57-0500
In order to self execute, a mapper must be assigned to the select object.
/websites/chnm/staff/kris/trunk/library/Kea/DB/Select.php:129
=======================
=======================
Type: Kea_DB_Select_Exception
Date: 2006-12-19T16:27:10-0500
In order to self execute, a mapper must be assigned to the select object.
/websites/chnm/staff/kris/trunk/library/Kea/DB/Select.php:129
=======================
=======================
Type: Kea_DB_Adapter_Exception
Date: 2006-12-19T16:49:05-0500
Table 'sitebuilder_trunk.metatexts' doesn't exist
/websites/chnm/staff/kris/trunk/library/Kea/DB/Adapter.php:65
=======================
=======================
Type: Kea_DB_Adapter_Exception
Date: 2006-12-19T16:50:12-0500
Table 'sitebuilder_trunk.metatexts' doesn't exist
/websites/chnm/staff/kris/trunk/library/Kea/DB/Adapter.php:65
=======================
=======================
Type: Kea_Exception
Date: 2006-12-19T16:55:41-0500
table not found for class Metatext
/websites/chnm/staff/kris/trunk/library/Kea/Domain/Model.php:331
=======================
=======================
Type: Kea_Exception
Date: 2006-12-19T16:55:53-0500
table not found for class Metatext
/websites/chnm/staff/kris/trunk/library/Kea/Domain/Model.php:331
=======================
=======================
Type: Kea_Exception
Date: 2006-12-19T16:56:41-0500
table not found for class Metatext
/websites/chnm/staff/kris/trunk/library/Kea/Domain/Model.php:331
=======================
=======================
Type: Kea_Exception
Date: 2006-12-19T17:00:21-0500
table not found for class Metatext
/websites/chnm/staff/kris/trunk/library/Kea/Domain/Model.php:330
=======================
=======================
Type: Kea_DB_Adapter_Exception
Date: 2006-12-19T17:01:59-0500
You have an error in your SQL syntax; check the manual that corresponds to your MySQL server version for the right syntax to use near 'WHERE metatext_id = "1"' at line 1
/websites/chnm/staff/kris/trunk/library/Kea/DB/Adapter.php:65
=======================
=======================
Type: Kea_DB_Mapper_Exception
Date: 2006-12-19T17:29:57-0500
The Type <=> Metafield join already exists.
/websites/chnm/staff/kris/trunk/app/models/Type.php:115
=======================
=======================
Type: Kea_DB_Mapper_Exception
Date: 2006-12-19T17:32:14-0500
The Type #9 <=> Metafield #31 does not already exist.
/websites/chnm/staff/kris/trunk/app/models/Type.php:133
=======================
