========================
Type: SQL
Date: 2006-12-19T15:16:05-0500
SELECT * FROM items WHERE item_id = "1"
========================
========================
Type: SQL
Date: 2006-12-19T15:16:06-0500
SELECT * FROM items WHERE item_id = "1"
========================
========================
Type: SQL
Date: 2006-12-19T15:19:49-0500
SELECT * FROM items WHERE item_id = "1"
========================
========================
Type: SQL
Date: 2006-12-19T15:22:03-0500
SELECT * FROM items WHERE item_id = "1"
========================
========================
Type: SQL
Date: 2006-12-19T15:22:03-0500
DELETE FROM items WHERE items.item_id = '1'
========================
========================
Type: SQL
Date: 2006-12-19T15:23:28-0500
SELECT * FROM items WHERE item_id = "1"
========================
========================
Type: SQL
Date: 2006-12-19T15:23:28-0500
DELETE FROM items WHERE itemsitem_id = ''
========================
========================
Type: SQL
Date: 2006-12-19T15:24:06-0500
SELECT * FROM items WHERE item_id = "1"
========================
========================
Type: SQL
Date: 2006-12-19T15:24:06-0500
DELETE FROM items WHERE items.item_id = ''
========================
========================
Type: SQL
Date: 2006-12-19T15:25:52-0500
SELECT * FROM collections WHERE collection_id = "1"
========================
========================
Type: SQL
Date: 2006-12-19T15:26:18-0500
SELECT * FROM collections WHERE collection_id = "1"
========================
========================
Type: SQL
Date: 2006-12-19T15:26:33-0500
SELECT * FROM collections WHERE collection_id = "1"
========================
========================
Type: SQL
Date: 2006-12-19T15:26:33-0500
DELETE FROM collections WHERE collections.collection_id = '1'
========================
========================
Type: SQL
Date: 2006-12-19T16:09:56-0500
SELECT * FROM items WHERE item_id = "1"
========================
========================
Type: SQL
Date: 2006-12-19T16:10:45-0500
SELECT * FROM items WHERE item_id = "1"
========================
========================
Type: SQL
Date: 2006-12-19T16:13:10-0500
SELECT
	*
FROM itemsTotal
========================
========================
Type: SQL
Date: 2006-12-19T16:22:07-0500
SELECT COUNT(*) FROM files
========================
========================
Type: SQL
Date: 2006-12-19T16:24:01-0500
SELECT COUNT(*) FROM files
========================
========================
Type: SQL
Date: 2006-12-19T16:24:37-0500
SELECT COUNT(*) FROM files
========================
========================
Type: SQL
Date: 2006-12-19T16:25:57-0500
SELECT * FROM files WHERE file_id = "2"
========================
========================
Type: SQL
Date: 2006-12-19T16:27:10-0500
SELECT * FROM files WHERE file_id = "2"
========================
========================
Type: SQL
Date: 2006-12-19T16:28:01-0500
SELECT * FROM files WHERE file_id = "2"
========================
========================
Type: SQL
Date: 2006-12-19T16:28:57-0500
SELECT * FROM files WHERE file_id = "2"
========================
========================
Type: SQL
Date: 2006-12-19T16:30:05-0500
SELECT * FROM files WHERE file_id = "2"
========================
========================
Type: SQL
Date: 2006-12-19T16:30:05-0500
DELETE FROM files WHERE files.file_id = '2'
========================
========================
Type: SQL
Date: 2006-12-19T16:49:05-0500
SELECT * FROM metatexts WHERE metatext_id = "1"
========================
========================
Type: SQL
Date: 2006-12-19T16:50:12-0500
SELECT * FROM metatexts WHERE metatext_id = "1"
========================
========================
Type: SQL
Date: 2006-12-19T16:52:15-0500
SHOW TABLES
========================
========================
Type: SQL
Date: 2006-12-19T16:55:41-0500
SHOW TABLES
========================
========================
Type: SQL
Date: 2006-12-19T16:55:52-0500
SHOW TABLES
========================
========================
Type: SQL
Date: 2006-12-19T16:56:41-0500
SHOW TABLES
========================
========================
Type: SQL
Date: 2006-12-19T16:58:11-0500
SHOW TABLES
========================
========================
Type: SQL
Date: 2006-12-19T17:00:21-0500
SHOW TABLES
========================
========================
Type: SQL
Date: 2006-12-19T17:00:43-0500
SHOW TABLES
========================
========================
Type: SQL
Date: 2006-12-19T17:01:02-0500
SHOW TABLES
========================
========================
Type: SQL
Date: 2006-12-19T17:01:04-0500
SHOW TABLES
========================
========================
Type: SQL
Date: 2006-12-19T17:01:59-0500
SHOW TABLES
========================
========================
Type: SQL
Date: 2006-12-19T17:01:59-0500
SELECT * FROM  WHERE metatext_id = "1"
========================
========================
Type: SQL
Date: 2006-12-19T17:03:27-0500
SHOW TABLES
========================
========================
Type: SQL
Date: 2006-12-19T17:04:14-0500
SHOW TABLES
========================
========================
Type: SQL
Date: 2006-12-19T17:04:24-0500
SHOW TABLES
========================
========================
Type: SQL
Date: 2006-12-19T17:04:24-0500
SELECT * FROM metatext WHERE metatext_id = "1"
========================
========================
Type: SQL
Date: 2006-12-19T17:04:25-0500
SHOW TABLES
========================
========================
Type: SQL
Date: 2006-12-19T17:04:25-0500
SELECT * FROM files WHERE file_id = "2"
========================
========================
Type: SQL
Date: 2006-12-19T17:08:43-0500
SHOW TABLES
========================
========================
Type: SQL
Date: 2006-12-19T17:08:43-0500
SELECT * FROM metatext WHERE metatext_id = "1"
========================
========================
Type: SQL
Date: 2006-12-19T17:08:43-0500
SHOW TABLES
========================
========================
Type: SQL
Date: 2006-12-19T17:08:43-0500
SHOW TABLES
========================
========================
Type: SQL
Date: 2006-12-19T17:08:43-0500
SELECT * FROM files WHERE file_id = "2"
========================
========================
Type: SQL
Date: 2006-12-19T17:08:43-0500
SHOW TABLES
========================
========================
Type: SQL
Date: 2006-12-19T17:10:04-0500
SHOW TABLES
========================
========================
Type: SQL
Date: 2006-12-19T17:10:04-0500
SELECT * FROM metatext WHERE metatext_id = "1"
========================
========================
Type: SQL
Date: 2006-12-19T17:10:04-0500
SHOW TABLES
========================
========================
Type: SQL
Date: 2006-12-19T17:10:04-0500
SHOW TABLES
========================
========================
Type: SQL
Date: 2006-12-19T17:10:04-0500
SELECT * FROM files WHERE file_id = "2"
========================
========================
Type: SQL
Date: 2006-12-19T17:10:04-0500
SHOW TABLES
========================
========================
Type: SQL
Date: 2006-12-19T17:14:12-0500
SHOW TABLES
========================
========================
Type: SQL
Date: 2006-12-19T17:14:12-0500
SELECT * FROM metatext WHERE metatext_id = "1"
========================
========================
Type: SQL
Date: 2006-12-19T17:14:12-0500
SHOW TABLES
========================
========================
Type: SQL
Date: 2006-12-19T17:14:12-0500
SHOW TABLES
========================
========================
Type: SQL
Date: 2006-12-19T17:14:12-0500
SELECT * FROM files WHERE file_id = "2"
========================
========================
Type: SQL
Date: 2006-12-19T17:14:12-0500
SHOW TABLES
========================
========================
Type: SQL
Date: 2006-12-19T17:16:18-0500
SHOW TABLES
========================
========================
Type: SQL
Date: 2006-12-19T17:16:18-0500
SELECT * FROM types WHERE type_id = "12"
========================
========================
Type: SQL
Date: 2006-12-19T17:16:18-0500
SHOW TABLES
========================
========================
Type: SQL
Date: 2006-12-19T17:16:18-0500
DELETE FROM types WHERE types.type_id = '12'
========================
========================
Type: SQL
Date: 2006-12-19T17:29:31-0500
SHOW TABLES
========================
========================
Type: SQL
Date: 2006-12-19T17:29:31-0500
SELECT * FROM types WHERE type_id = "9"
========================
========================
Type: SQL
Date: 2006-12-19T17:29:31-0500
SHOW TABLES
========================
========================
Type: SQL
Date: 2006-12-19T17:29:31-0500
SELECT
	*
FROM types_metafields
WHERE
	type_id = "9"
	AND metafield_id = "31"
========================
========================
Type: SQL
Date: 2006-12-19T17:29:31-0500
INSERT INTO types_metafields (type_id, metafield_id) VALUES ("9", "31")
========================
========================
Type: SQL
Date: 2006-12-19T17:29:57-0500
SHOW TABLES
========================
========================
Type: SQL
Date: 2006-12-19T17:29:57-0500
SELECT * FROM types WHERE type_id = "9"
========================
========================
Type: SQL
Date: 2006-12-19T17:29:57-0500
SHOW TABLES
========================
========================
Type: SQL
Date: 2006-12-19T17:29:57-0500
SELECT
	*
FROM types_metafields
WHERE
	type_id = "9"
	AND metafield_id = "31"
========================
========================
Type: SQL
Date: 2006-12-19T17:30:58-0500
SHOW TABLES
========================
========================
Type: SQL
Date: 2006-12-19T17:30:58-0500
SELECT * FROM types WHERE type_id = "9"
========================
========================
Type: SQL
Date: 2006-12-19T17:30:58-0500
SHOW TABLES
========================
========================
Type: SQL
Date: 2006-12-19T17:30:58-0500
SELECT
	*
FROM types_metafields
WHERE
	type_id = "9"
	AND metafield_id = "31"
========================
========================
Type: SQL
Date: 2006-12-19T17:30:58-0500
DELETE FROM types_metafields WHERE type_id = 9 AND metafield_id = 31
========================
========================
Type: SQL
Date: 2006-12-19T17:32:14-0500
SHOW TABLES
========================
========================
Type: SQL
Date: 2006-12-19T17:32:14-0500
SELECT * FROM types WHERE type_id = "9"
========================
========================
Type: SQL
Date: 2006-12-19T17:32:14-0500
SHOW TABLES
========================
========================
Type: SQL
Date: 2006-12-19T17:32:14-0500
SELECT
	*
FROM types_metafields
WHERE
	type_id = "9"
	AND metafield_id = "31"
========================
