Omeka_Job_ProcessWrapper (9) 2012-07-30T11:13:52-04:00 ERR (3): exception 'Exception' with message 'NO' in /var/www/omeka2.0/application/models/SearchText/IndexJob.php:13
Stack trace:
#0 /var/www/omeka2.0/application/libraries/Omeka/Job/ProcessWrapper.php(29): SearchText_IndexJob->perform()
#1 /var/www/omeka2.0/application/core/background.php(74): Omeka_Job_ProcessWrapper->run(Array)
#2 {main}
Omeka_Job_Process_Wrapper (3) 2012-10-25T17:23:09-04:00 ERR (3): exception 'Zend_Db_Statement_Mysqli_Exception' with message 'Mysqli statement execute error : DROP command denied to user 'jsafley'@'localhost' for table 'omeka_search_texts'' in /var/www/omeka2.0/application/libraries/Zend/Db/Statement/Mysqli.php:214
Stack trace:
#0 /var/www/omeka2.0/application/libraries/Zend/Db/Statement.php(303): Zend_Db_Statement_Mysqli->_execute(Array)
#1 /var/www/omeka2.0/application/libraries/Zend/Db/Adapter/Abstract.php(479): Zend_Db_Statement->execute(Array)
#2 [internal function]: Zend_Db_Adapter_Abstract->query('TRUNCATE TABLE ...')
#3 /var/www/omeka2.0/application/libraries/Omeka/Db.php(79): call_user_func_array(Array, Array)
#4 /var/www/omeka2.0/application/models/Job/SearchTextIndex.php(22): Omeka_Db->__call('query', Array)
#5 /var/www/omeka2.0/application/models/Job/SearchTextIndex.php(22): Omeka_Db->query('TRUNCATE TABLE ...')
#6 /var/www/omeka2.0/application/libraries/Omeka/Job/Process/Wrapper.php(29): Job_SearchTextIndex->perform()
#7 /var/www/omeka2.0/application/scripts/background.php(75): Omeka_Job_Process_Wrapper->run(Array)
#8 {main}
Omeka_Job_Process_Wrapper (4) 2012-10-25T17:24:11-04:00 ERR (3): exception 'Zend_Db_Statement_Mysqli_Exception' with message 'Mysqli statement execute error : DROP command denied to user 'jsafley'@'localhost' for table 'omeka_search_texts'' in /var/www/omeka2.0/application/libraries/Zend/Db/Statement/Mysqli.php:214
Stack trace:
#0 /var/www/omeka2.0/application/libraries/Zend/Db/Statement.php(303): Zend_Db_Statement_Mysqli->_execute(Array)
#1 /var/www/omeka2.0/application/libraries/Zend/Db/Adapter/Abstract.php(479): Zend_Db_Statement->execute(Array)
#2 [internal function]: Zend_Db_Adapter_Abstract->query('TRUNCATE TABLE ...')
#3 /var/www/omeka2.0/application/libraries/Omeka/Db.php(79): call_user_func_array(Array, Array)
#4 /var/www/omeka2.0/application/models/Job/SearchTextIndex.php(22): Omeka_Db->__call('query', Array)
#5 /var/www/omeka2.0/application/models/Job/SearchTextIndex.php(22): Omeka_Db->query('TRUNCATE TABLE ...')
#6 /var/www/omeka2.0/application/libraries/Omeka/Job/Process/Wrapper.php(29): Job_SearchTextIndex->perform()
#7 /var/www/omeka2.0/application/scripts/background.php(75): Omeka_Job_Process_Wrapper->run(Array)
#8 {main}
Omeka_Job_Process_Wrapper (4) 2012-10-25T17:26:57-04:00 ERR (3): exception 'Zend_Db_Statement_Mysqli_Exception' with message 'Mysqli statement execute error : DROP command denied to user 'jsafley'@'localhost' for table 'omeka_search_texts'' in /var/www/omeka2.0/application/libraries/Zend/Db/Statement/Mysqli.php:214
Stack trace:
#0 /var/www/omeka2.0/application/libraries/Zend/Db/Statement.php(303): Zend_Db_Statement_Mysqli->_execute(Array)
#1 /var/www/omeka2.0/application/libraries/Zend/Db/Adapter/Abstract.php(479): Zend_Db_Statement->execute(Array)
#2 [internal function]: Zend_Db_Adapter_Abstract->query('TRUNCATE TABLE ...')
#3 /var/www/omeka2.0/application/libraries/Omeka/Db.php(79): call_user_func_array(Array, Array)
#4 /var/www/omeka2.0/application/models/Job/SearchTextIndex.php(22): Omeka_Db->__call('query', Array)
#5 /var/www/omeka2.0/application/models/Job/SearchTextIndex.php(22): Omeka_Db->query('TRUNCATE TABLE ...')
#6 /var/www/omeka2.0/application/libraries/Omeka/Job/Process/Wrapper.php(29): Job_SearchTextIndex->perform()
#7 /var/www/omeka2.0/application/scripts/background.php(75): Omeka_Job_Process_Wrapper->run(Array)
#8 {main}
Omeka_Job_Process_Wrapper (6) 2012-10-25T17:46:32-04:00 ERR (3): exception 'Zend_Db_Statement_Mysqli_Exception' with message 'Mysqli statement execute error : ALTER command denied to user 'jsafley'@'localhost' for table 'omeka_search_texts'' in /var/www/omeka2.0/application/libraries/Zend/Db/Statement/Mysqli.php:214
Stack trace:
#0 /var/www/omeka2.0/application/libraries/Zend/Db/Statement.php(303): Zend_Db_Statement_Mysqli->_execute(Array)
#1 /var/www/omeka2.0/application/libraries/Zend/Db/Adapter/Abstract.php(479): Zend_Db_Statement->execute(Array)
#2 [internal function]: Zend_Db_Adapter_Abstract->query('ALTER TABLE ome...')
#3 /var/www/omeka2.0/application/libraries/Omeka/Db.php(79): call_user_func_array(Array, Array)
#4 /var/www/omeka2.0/application/models/Job/SearchTextIndex.php(24): Omeka_Db->__call('query', Array)
#5 /var/www/omeka2.0/application/models/Job/SearchTextIndex.php(24): Omeka_Db->query('ALTER TABLE ome...')
#6 /var/www/omeka2.0/application/libraries/Omeka/Job/Process/Wrapper.php(29): Job_SearchTextIndex->perform()
#7 /var/www/omeka2.0/application/scripts/background.php(75): Omeka_Job_Process_Wrapper->run(Array)
#8 {main}
